<?xml version="1.0" encoding="UTF-8"?>
<!-- Generated by org.testng.reporters.JUnitReportReporter -->
<testsuite hostname="DESKTOP-V42TCMT" failures="0" tests="1" name="testScript.LoginTest" time="2.502" errors="0" timestamp="2025-04-16T20:21:12 IST" skipped="0">
  <testcase classname="testScript.LoginTest" name="verifyUserLoginwithInvalidCredentials" time="2.502"/>
</testsuite> <!-- testScript.LoginTest -->
