<?xml version="1.0" encoding="UTF-8"?>
<!-- Generated by org.testng.reporters.JUnitReportReporter -->
<testsuite hostname="DESKTOP-V42TCMT" failures="0" tests="1" name="seleniumBasics.TestngAnnotations" time="0.024" errors="0" timestamp="2025-04-16T19:52:09 IST" skipped="0">
  <testcase classname="seleniumBasics.TestngAnnotations" name="testcase" time="0.024"/>
</testsuite> <!-- seleniumBasics.TestngAnnotations -->
