<?xml version="1.0" encoding="UTF-8"?>
<!-- Generated by org.testng.reporters.JUnitReportReporter -->
<testsuite hostname="DESKTOP-V42TCMT" failures="0" tests="1" name="seleniumBasics.TestngAnnotations" time="0.013" errors="0" timestamp="2025-04-25T20:19:00 IST" skipped="0">
  <testcase classname="seleniumBasics.TestngAnnotations" name="testcase" time="0.013"/>
</testsuite> <!-- seleniumBasics.TestngAnnotations -->
