<?xml version="1.0" encoding="UTF-8"?>
<!-- Generated by org.testng.reporters.JUnitReportReporter -->
<testsuite hostname="DESKTOP-V42TCMT" failures="0" tests="4" name="testScript.LoginTest" time="9.565" errors="0" timestamp="2025-04-21T20:57:12 IST" skipped="0">
  <testcase classname="testScript.LoginTest" name="verifyUserLoginwithValidCredentials" time="2.150"/>
  <testcase classname="testScript.LoginTest" name="verifyUserLOginwithInvalidUsername" time="1.789"/>
  <testcase classname="testScript.LoginTest" name="verifyUserLoginwithInvalidCredentials" time="2.199"/>
  <testcase classname="testScript.LoginTest" name="verifyUserLOginwithInvalidPassword" time="3.427"/>
</testsuite> <!-- testScript.LoginTest -->
